build/app/intermediates/manifest_merge_blame_file/debug/manifest-merger-blame-debug-report.txt
1<?xml version="1.0" encoding="utf-8"?>
2<manifest xmlns:android="http://schemas.android.com/apk/res/android"
3    package="com.example.fcm_example"
4    android:versionCode="1"
5    android:versionName="1.0.0" >
6
7    <uses-sdk
8        android:minSdkVersion="16"
9        android:targetSdkVersion="30" />
10    <!--
11         Flutter needs it to communicate with the running application
12         to allow setting breakpoints, to provide hot reload, etc.
13    -->
14    <uses-permission android:name="android.permission.INTERNET" />
14-->src/main/AndroidManifest.xml:3:5-67
14-->src/main/AndroidManifest.xml:3:22-64
15    <uses-permission android:name="android.permission.WAKE_LOCK" />
15-->[:firebase_messaging] AndroidManifest.xml:8:5-68
15-->[:firebase_messaging] AndroidManifest.xml:8:22-65
16    <uses-permission android:name="android.permission.ACCESS_NETWORK_STATE" /> <!-- Required by older versions of Google Play services to create IID tokens -->
16-->[:firebase_messaging] AndroidManifest.xml:9:5-79
16-->[:firebase_messaging] AndroidManifest.xml:9:22-76
17    <uses-permission android:name="com.google.android.c2dm.permission.RECEIVE" />
17-->[com.google.firebase:firebase-messaging:22.0.0] AndroidManifest.xml:25:5-82
17-->[com.google.firebase:firebase-messaging:22.0.0] AndroidManifest.xml:25:22-79
18
19    <application
19-->src/main/AndroidManifest.xml:4:4-45:19
20        android:appComponentFactory="androidx.core.app.CoreComponentFactory"
20-->[androidx.core:core:1.1.0] AndroidManifest.xml:24:18-86
21        android:debuggable="true"
22        android:icon="@mipmap/ic_launcher"
22-->src/main/AndroidManifest.xml:6:9-43
23        android:label="fcm_example" >
23-->src/main/AndroidManifest.xml:5:9-36
24        <activity
24-->src/main/AndroidManifest.xml:7:9-39:20
25            android:name="com.example.fcm_example.MainActivity"
25-->src/main/AndroidManifest.xml:8:13-41
26            android:configChanges="orientation|keyboardHidden|keyboard|screenSize|smallestScreenSize|locale|layoutDirection|fontScale|screenLayout|density|uiMode"
26-->src/main/AndroidManifest.xml:11:13-163
27            android:hardwareAccelerated="true"
27-->src/main/AndroidManifest.xml:12:13-47
28            android:launchMode="singleTop"
28-->src/main/AndroidManifest.xml:9:13-43
29            android:theme="@style/LaunchTheme"
29-->src/main/AndroidManifest.xml:10:13-47
30            android:windowSoftInputMode="adjustResize" >
30-->src/main/AndroidManifest.xml:13:13-55
31
32            <!--
33                 Specifies an Android theme to apply to this Activity as soon as
34                 the Android process has started. This theme is visible to the user
35                 while the Flutter UI initializes. After that, this theme continues
36                 to determine the Window background behind the Flutter UI.
37            -->
38            <meta-data
38-->src/main/AndroidManifest.xml:18:13-21:17
39                android:name="io.flutter.embedding.android.NormalTheme"
39-->src/main/AndroidManifest.xml:19:15-70
40                android:resource="@style/NormalTheme" />
40-->src/main/AndroidManifest.xml:20:15-52
41            <!--
42                 Displays an Android View that continues showing the launch screen
43                 Drawable until Flutter paints its first frame, then this splash
44                 screen fades out. A splash screen is useful to avoid any visual
45                 gap between the end of Android's launch screen and the painting of
46                 Flutter's first frame.
47            -->
48            <meta-data
48-->src/main/AndroidManifest.xml:27:13-30:17
49                android:name="io.flutter.embedding.android.SplashScreenDrawable"
49-->src/main/AndroidManifest.xml:28:15-79
50                android:resource="@drawable/launch_background" />
50-->src/main/AndroidManifest.xml:29:15-61
51
52            <intent-filter>
52-->src/main/AndroidManifest.xml:31:13-34:29
53                <action android:name="android.intent.action.MAIN" />
53-->src/main/AndroidManifest.xml:32:17-68
53-->src/main/AndroidManifest.xml:32:25-66
54
55                <category android:name="android.intent.category.LAUNCHER" />
55-->src/main/AndroidManifest.xml:33:17-76
55-->src/main/AndroidManifest.xml:33:27-74
56            </intent-filter>
57            <intent-filter>
57-->src/main/AndroidManifest.xml:35:13-38:29
58                <action android:name="FLUTTER_NOTIFICATION_CLICK" />
58-->src/main/AndroidManifest.xml:36:17-69
58-->src/main/AndroidManifest.xml:36:25-66
59
60                <category android:name="android.intent.category.DEFAULT" />
60-->src/main/AndroidManifest.xml:37:17-76
60-->src/main/AndroidManifest.xml:37:27-73
61            </intent-filter>
62        </activity>
63        <!--
64             Don't delete the meta-data below.
65             This is used by the Flutter tool to generate GeneratedPluginRegistrant.java
66        -->
67        <meta-data
67-->src/main/AndroidManifest.xml:42:9-44:33
68            android:name="flutterEmbedding"
68-->src/main/AndroidManifest.xml:43:13-44
69            android:value="2" />
69-->src/main/AndroidManifest.xml:44:13-30
70
71        <service
71-->[:firebase_messaging] AndroidManifest.xml:12:9-15:72
72            android:name="io.flutter.plugins.firebase.messaging.FlutterFirebaseMessagingBackgroundService"
72-->[:firebase_messaging] AndroidManifest.xml:13:13-107
73            android:exported="false"
73-->[:firebase_messaging] AndroidManifest.xml:14:13-37
74            android:permission="android.permission.BIND_JOB_SERVICE" />
74-->[:firebase_messaging] AndroidManifest.xml:15:13-69
75        <service
75-->[:firebase_messaging] AndroidManifest.xml:16:9-22:19
76            android:name="io.flutter.plugins.firebase.messaging.FlutterFirebaseMessagingService"
76-->[:firebase_messaging] AndroidManifest.xml:17:13-97
77            android:exported="false" >
77-->[:firebase_messaging] AndroidManifest.xml:18:13-37
78            <intent-filter>
78-->[:firebase_messaging] AndroidManifest.xml:19:13-21:29
79                <action android:name="com.google.firebase.MESSAGING_EVENT" />
79-->[:firebase_messaging] AndroidManifest.xml:20:17-78
79-->[:firebase_messaging] AndroidManifest.xml:20:25-75
80            </intent-filter>
81        </service>
82
83        <receiver
83-->[:firebase_messaging] AndroidManifest.xml:24:9-31:20
84            android:name="io.flutter.plugins.firebase.messaging.FlutterFirebaseMessagingReceiver"
84-->[:firebase_messaging] AndroidManifest.xml:25:13-98
85            android:exported="true"
85-->[:firebase_messaging] AndroidManifest.xml:26:13-36
86            android:permission="com.google.android.c2dm.permission.SEND" >
86-->[:firebase_messaging] AndroidManifest.xml:27:13-73
87            <intent-filter>
87-->[:firebase_messaging] AndroidManifest.xml:28:13-30:29
88                <action android:name="com.google.android.c2dm.intent.RECEIVE" />
88-->[:firebase_messaging] AndroidManifest.xml:29:17-81
88-->[:firebase_messaging] AndroidManifest.xml:29:25-78
89            </intent-filter>
90        </receiver>
91
92        <service
92-->[:firebase_messaging] AndroidManifest.xml:33:9-37:19
93            android:name="com.google.firebase.components.ComponentDiscoveryService"
93-->[:firebase_messaging] AndroidManifest.xml:33:18-89
94            android:directBootAware="true"
94-->[com.google.firebase:firebase-common:20.0.0] AndroidManifest.xml:35:13-43
95            android:exported="false" >
95-->[com.google.firebase:firebase-messaging:22.0.0] AndroidManifest.xml:51:13-37
96            <meta-data
96-->[:firebase_messaging] AndroidManifest.xml:34:13-36:85
97                android:name="com.google.firebase.components:io.flutter.plugins.firebase.messaging.FlutterFirebaseAppRegistrar"
97-->[:firebase_messaging] AndroidManifest.xml:35:17-128
98                android:value="com.google.firebase.components.ComponentRegistrar" />
98-->[:firebase_messaging] AndroidManifest.xml:36:17-82
99            <meta-data
99-->[:firebase_core] AndroidManifest.xml:9:13-11:85
100                android:name="com.google.firebase.components:io.flutter.plugins.firebase.core.FlutterFirebaseCoreRegistrar"
100-->[:firebase_core] AndroidManifest.xml:10:17-124
101                android:value="com.google.firebase.components.ComponentRegistrar" />
101-->[:firebase_core] AndroidManifest.xml:11:17-82
102            <meta-data
102-->[com.google.firebase:firebase-messaging:22.0.0] AndroidManifest.xml:52:13-54:85
103                android:name="com.google.firebase.components:com.google.firebase.messaging.FirebaseMessagingRegistrar"
103-->[com.google.firebase:firebase-messaging:22.0.0] AndroidManifest.xml:53:17-119
104                android:value="com.google.firebase.components.ComponentRegistrar" />
104-->[com.google.firebase:firebase-messaging:22.0.0] AndroidManifest.xml:54:17-82
105            <meta-data
105-->[com.google.firebase:firebase-datatransport:18.0.0] AndroidManifest.xml:28:13-30:85
106                android:name="com.google.firebase.components:com.google.firebase.datatransport.TransportRegistrar"
106-->[com.google.firebase:firebase-datatransport:18.0.0] AndroidManifest.xml:29:17-115
107                android:value="com.google.firebase.components.ComponentRegistrar" />
107-->[com.google.firebase:firebase-datatransport:18.0.0] AndroidManifest.xml:30:17-82
108            <meta-data
108-->[com.google.firebase:firebase-installations:17.0.0] AndroidManifest.xml:18:13-20:85
109                android:name="com.google.firebase.components:com.google.firebase.installations.FirebaseInstallationsRegistrar"
109-->[com.google.firebase:firebase-installations:17.0.0] AndroidManifest.xml:19:17-127
110                android:value="com.google.firebase.components.ComponentRegistrar" />
110-->[com.google.firebase:firebase-installations:17.0.0] AndroidManifest.xml:20:17-82
111        </service>
112
113        <provider
113-->[:firebase_messaging] AndroidManifest.xml:39:9-43:38
114            android:name="io.flutter.plugins.firebase.messaging.FlutterFirebaseMessagingInitProvider"
114-->[:firebase_messaging] AndroidManifest.xml:40:13-102
115            android:authorities="com.example.fcm_example.flutterfirebasemessaginginitprovider"
115-->[:firebase_messaging] AndroidManifest.xml:41:13-88
116            android:exported="false"
116-->[:firebase_messaging] AndroidManifest.xml:42:13-37
117            android:initOrder="99" />
117-->[:firebase_messaging] AndroidManifest.xml:43:13-35
118
119        <receiver
119-->[com.google.firebase:firebase-messaging:22.0.0] AndroidManifest.xml:28:9-35:20
120            android:name="com.google.firebase.iid.FirebaseInstanceIdReceiver"
120-->[com.google.firebase:firebase-messaging:22.0.0] AndroidManifest.xml:29:13-78
121            android:exported="true"
121-->[com.google.firebase:firebase-messaging:22.0.0] AndroidManifest.xml:30:13-36
122            android:permission="com.google.android.c2dm.permission.SEND" >
122-->[com.google.firebase:firebase-messaging:22.0.0] AndroidManifest.xml:31:13-73
123            <intent-filter>
123-->[:firebase_messaging] AndroidManifest.xml:28:13-30:29
124                <action android:name="com.google.android.c2dm.intent.RECEIVE" />
124-->[:firebase_messaging] AndroidManifest.xml:29:17-81
124-->[:firebase_messaging] AndroidManifest.xml:29:25-78
125            </intent-filter>
126        </receiver>
127        <!--
128             FirebaseMessagingService performs security checks at runtime,
129             but set to not exported to explicitly avoid allowing another app to call it.
130        -->
131        <service
131-->[com.google.firebase:firebase-messaging:22.0.0] AndroidManifest.xml:41:9-48:19
132            android:name="com.google.firebase.messaging.FirebaseMessagingService"
132-->[com.google.firebase:firebase-messaging:22.0.0] AndroidManifest.xml:42:13-82
133            android:directBootAware="true"
133-->[com.google.firebase:firebase-messaging:22.0.0] AndroidManifest.xml:43:13-43
134            android:exported="false" >
134-->[com.google.firebase:firebase-messaging:22.0.0] AndroidManifest.xml:44:13-37
135            <intent-filter android:priority="-500" >
135-->[:firebase_messaging] AndroidManifest.xml:19:13-21:29
136                <action android:name="com.google.firebase.MESSAGING_EVENT" />
136-->[:firebase_messaging] AndroidManifest.xml:20:17-78
136-->[:firebase_messaging] AndroidManifest.xml:20:25-75
137            </intent-filter>
138        </service>
139        <service
139-->[com.google.android.datatransport:transport-backend-cct:3.0.0] AndroidManifest.xml:29:9-35:19
140            android:name="com.google.android.datatransport.runtime.backends.TransportBackendDiscovery"
140-->[com.google.android.datatransport:transport-backend-cct:3.0.0] AndroidManifest.xml:30:13-103
141            android:exported="false" >
141-->[com.google.android.datatransport:transport-backend-cct:3.0.0] AndroidManifest.xml:31:13-37
142            <meta-data
142-->[com.google.android.datatransport:transport-backend-cct:3.0.0] AndroidManifest.xml:32:13-34:39
143                android:name="backend:com.google.android.datatransport.cct.CctBackendFactory"
143-->[com.google.android.datatransport:transport-backend-cct:3.0.0] AndroidManifest.xml:33:17-94
144                android:value="cct" />
144-->[com.google.android.datatransport:transport-backend-cct:3.0.0] AndroidManifest.xml:34:17-36
145        </service>
146
147        <provider
147-->[com.google.firebase:firebase-common:20.0.0] AndroidManifest.xml:26:9-31:39
148            android:name="com.google.firebase.provider.FirebaseInitProvider"
148-->[com.google.firebase:firebase-common:20.0.0] AndroidManifest.xml:27:13-77
149            android:authorities="com.example.fcm_example.firebaseinitprovider"
149-->[com.google.firebase:firebase-common:20.0.0] AndroidManifest.xml:28:13-72
150            android:directBootAware="true"
150-->[com.google.firebase:firebase-common:20.0.0] AndroidManifest.xml:29:13-43
151            android:exported="false"
151-->[com.google.firebase:firebase-common:20.0.0] AndroidManifest.xml:30:13-37
152            android:initOrder="100" />
152-->[com.google.firebase:firebase-common:20.0.0] AndroidManifest.xml:31:13-36
153
154        <service
154-->[com.google.android.datatransport:transport-runtime:3.0.0] AndroidManifest.xml:26:9-30:19
155            android:name="com.google.android.datatransport.runtime.scheduling.jobscheduling.JobInfoSchedulerService"
155-->[com.google.android.datatransport:transport-runtime:3.0.0] AndroidManifest.xml:27:13-117
156            android:exported="false"
156-->[com.google.android.datatransport:transport-runtime:3.0.0] AndroidManifest.xml:28:13-37
157            android:permission="android.permission.BIND_JOB_SERVICE" >
157-->[com.google.android.datatransport:transport-runtime:3.0.0] AndroidManifest.xml:29:13-69
158        </service>
159
160        <receiver
160-->[com.google.android.datatransport:transport-runtime:3.0.0] AndroidManifest.xml:32:9-34:40
161            android:name="com.google.android.datatransport.runtime.scheduling.jobscheduling.AlarmManagerSchedulerBroadcastReceiver"
161-->[com.google.android.datatransport:transport-runtime:3.0.0] AndroidManifest.xml:33:13-132
162            android:exported="false" />
162-->[com.google.android.datatransport:transport-runtime:3.0.0] AndroidManifest.xml:34:13-37
163
164        <meta-data
164-->[com.google.android.gms:play-services-basement:17.0.0] AndroidManifest.xml:23:9-25:69
165            android:name="com.google.android.gms.version"
165-->[com.google.android.gms:play-services-basement:17.0.0] AndroidManifest.xml:24:13-58
166            android:value="@integer/google_play_services_version" />
166-->[com.google.android.gms:play-services-basement:17.0.0] AndroidManifest.xml:25:13-66
167    </application>
168
169</manifest>